2001.05.10 09:45 B P:\ontology\body.html --> ubunix.buffalo.edu /net/wings/info/www/academic/department/philosophy/ontology body.html
2001.05.10 09:45 B P:\ontology\brands.html --> ubunix.buffalo.edu /net/wings/info/www/academic/department/philosophy/ontology brands.html
2001.05.10 09:45 B P:\ontology\contemporary.html --> ubunix.buffalo.edu /net/wings/info/www/academic/department/philosophy/ontology contemporary.html
2001.05.10 09:45 B P:\ontology\engineering.html --> ubunix.buffalo.edu /net/wings/info/www/academic/department/philosophy/ontology engineering.html
2001.05.10 09:45 B P:\ontology\focscs.htm --> ubunix.buffalo.edu /net/wings/info/www/academic/department/philosophy/ontology focscs.htm
2001.05.10 09:45 B P:\ontology\history.html --> ubunix.buffalo.edu /net/wings/info/www/academic/department/philosophy/ontology history.html
2001.05.10 09:45 B P:\ontology\homestead.html --> ubunix.buffalo.edu /net/wings/info/www/academic/department/philosophy/ontology homestead.html
2001.05.10 09:45 B P:\ontology\index.html --> ubunix.buffalo.edu /net/wings/info/www/academic/department/philosophy/ontology index.html
2001.05.10 09:45 B P:\ontology\intro.html --> ubunix.buffalo.edu /net/wings/info/www/academic/department/philosophy/ontology intro.html
2001.05.10 09:45 B P:\ontology\law.html --> ubunix.buffalo.edu /net/wings/info/www/academic/department/philosophy/ontology law.html
2001.05.10 09:45 B P:\ontology\lawintro.html --> ubunix.buffalo.edu /net/wings/info/www/academic/department/philosophy/ontology lawintro.html
2001.05.10 09:45 B P:\ontology\ma.htm --> ubunix.buffalo.edu /net/wings/info/www/academic/department/philosophy/ontology ma.htm
2001.05.10 09:45 B P:\ontology\main.html --> ubunix.buffalo.edu /net/wings/info/www/academic/department/philosophy/ontology main.html
2001.05.10 09:45 B P:\ontology\main0.html --> ubunix.buffalo.edu /net/wings/info/www/academic/department/philosophy/ontology main0.html
2001.05.10 09:45 B P:\ontology\main1.html --> ubunix.buffalo.edu /net/wings/info/www/academic/department/philosophy/ontology main1.html
2001.05.10 09:45 B P:\ontology\main2.html --> ubunix.buffalo.edu /net/wings/info/www/academic/department/philosophy/ontology main2.html
2001.05.10 09:45 B P:\ontology\main3.html --> ubunix.buffalo.edu /net/wings/info/www/academic/department/philosophy/ontology main3.html
2001.05.10 09:45 B P:\ontology\ontologists.html --> ubunix.buffalo.edu /net/wings/info/www/academic/department/philosophy/ontology ontologists.html
2001.05.10 09:45 B P:\ontology\robots.txt --> ubunix.buffalo.edu /net/wings/info/www/academic/department/philosophy/ontology robots.txt
2001.05.10 09:45 B P:\ontology\sign.htm --> ubunix.buffalo.edu /net/wings/info/www/academic/department/philosophy/ontology sign.htm
2001.05.10 09:45 B P:\ontology\socobj.htm --> ubunix.buffalo.edu /net/wings/info/www/academic/department/philosophy/ontology socobj.htm
2001.05.10 09:45 B P:\ontology\teh.html --> ubunix.buffalo.edu /net/wings/info/www/academic/department/philosophy/ontology teh.html
2001.05.10 09:45 B P:\ontology\trail.html --> ubunix.buffalo.edu /net/wings/info/www/academic/department/philosophy/ontology trail.html
